{"C:\\Users\\User\\Documents\\BackEnd розробки\\inventorysystem\\src\\controllers\\auth.controller.js": {"path":"C:\\Users\\User\\Documents\\BackEnd розробки\\inventorysystem\\src\\controllers\\auth.controller.js","statementMap":{"0":{"start":{"line":1,"column":12},"end":{"line":1,"column":35}},"1":{"start":{"line":2,"column":17},"end":{"line":2,"column":45}},"2":{"start":{"line":3,"column":15},"end":{"line":3,"column":41}},"3":{"start":{"line":7,"column":4},"end":{"line":26,"column":5}},"4":{"start":{"line":8,"column":37},"end":{"line":8,"column":45}},"5":{"start":{"line":11,"column":6},"end":{"line":20,"column":7}},"6":{"start":{"line":12,"column":22},"end":{"line":16,"column":9}},"7":{"start":{"line":18,"column":8},"end":{"line":18,"column":50}},"8":{"start":{"line":19,"column":8},"end":{"line":19,"column":35}},"9":{"start":{"line":22,"column":6},"end":{"line":22,"column":60}},"10":{"start":{"line":24,"column":6},"end":{"line":24,"column":42}},"11":{"start":{"line":25,"column":6},"end":{"line":25,"column":55}},"12":{"start":{"line":30,"column":0},"end":{"line":30,"column":32}}},"fnMap":{"0":{"name":"(anonymous_0)","decl":{"start":{"line":6,"column":2},"end":{"line":6,"column":3}},"loc":{"start":{"line":6,"column":37},"end":{"line":27,"column":3}},"line":6}},"branchMap":{"0":{"loc":{"start":{"line":11,"column":6},"end":{"line":20,"column":7}},"type":"if","locations":[{"start":{"line":11,"column":6},"end":{"line":20,"column":7}},{"start":{},"end":{}}],"line":11},"1":{"loc":{"start":{"line":11,"column":10},"end":{"line":11,"column":73}},"type":"binary-expr","locations":[{"start":{"line":11,"column":10},"end":{"line":11,"column":30}},{"start":{"line":11,"column":34},"end":{"line":11,"column":73}}],"line":11}},"s":{"0":4,"1":4,"2":4,"3":5,"4":5,"5":5,"6":4,"7":4,"8":4,"9":1,"10":0,"11":0,"12":4},"f":{"0":5},"b":{"0":[4,1],"1":[5,5]},"_coverageSchema":"1a1c01bbd47fc00a2c39e90264f33305004495a9","hash":"1496d65b731fdda4c3816d216735ee227cab1406"}
,"C:\\Users\\User\\Documents\\BackEnd розробки\\inventorysystem\\src\\controllers\\basket.controller.js": {"path":"C:\\Users\\User\\Documents\\BackEnd розробки\\inventorysystem\\src\\controllers\\basket.controller.js","statementMap":{"0":{"start":{"line":1,"column":20},"end":{"line":1,"column":53}},"1":{"start":{"line":2,"column":21},"end":{"line":2,"column":55}},"2":{"start":{"line":3,"column":17},"end":{"line":3,"column":45}},"3":{"start":{"line":4,"column":15},"end":{"line":4,"column":41}},"4":{"start":{"line":8,"column":4},"end":{"line":15,"column":5}},"5":{"start":{"line":9,"column":23},"end":{"line":9,"column":40}},"6":{"start":{"line":10,"column":20},"end":{"line":10,"column":58}},"7":{"start":{"line":11,"column":6},"end":{"line":11,"column":22}},"8":{"start":{"line":13,"column":6},"end":{"line":13,"column":52}},"9":{"start":{"line":14,"column":6},"end":{"line":14,"column":56}},"10":{"start":{"line":19,"column":4},"end":{"line":39,"column":5}},"11":{"start":{"line":20,"column":39},"end":{"line":20,"column":47}},"12":{"start":{"line":21,"column":23},"end":{"line":21,"column":40}},"13":{"start":{"line":24,"column":22},"end":{"line":24,"column":61}},"14":{"start":{"line":25,"column":6},"end":{"line":27,"column":7}},"15":{"start":{"line":26,"column":8},"end":{"line":26,"column":60}},"16":{"start":{"line":30,"column":6},"end":{"line":32,"column":7}},"17":{"start":{"line":31,"column":8},"end":{"line":31,"column":83}},"18":{"start":{"line":34,"column":21},"end":{"line":34,"column":82}},"19":{"start":{"line":35,"column":6},"end":{"line":35,"column":35}},"20":{"start":{"line":37,"column":6},"end":{"line":37,"column":53}},"21":{"start":{"line":38,"column":6},"end":{"line":38,"column":57}},"22":{"start":{"line":43,"column":4},"end":{"line":55,"column":5}},"23":{"start":{"line":44,"column":23},"end":{"line":44,"column":40}},"24":{"start":{"line":45,"column":22},"end":{"line":45,"column":71}},"25":{"start":{"line":47,"column":6},"end":{"line":49,"column":7}},"26":{"start":{"line":48,"column":8},"end":{"line":48,"column":67}},"27":{"start":{"line":51,"column":6},"end":{"line":51,"column":29}},"28":{"start":{"line":53,"column":6},"end":{"line":53,"column":57}},"29":{"start":{"line":54,"column":6},"end":{"line":54,"column":62}},"30":{"start":{"line":59,"column":0},"end":{"line":59,"column":34}}},"fnMap":{"0":{"name":"(anonymous_0)","decl":{"start":{"line":7,"column":2},"end":{"line":7,"column":3}},"loc":{"start":{"line":7,"column":38},"end":{"line":16,"column":3}},"line":7},"1":{"name":"(anonymous_1)","decl":{"start":{"line":18,"column":2},"end":{"line":18,"column":3}},"loc":{"start":{"line":18,"column":35},"end":{"line":40,"column":3}},"line":18},"2":{"name":"(anonymous_2)","decl":{"start":{"line":42,"column":2},"end":{"line":42,"column":3}},"loc":{"start":{"line":42,"column":38},"end":{"line":56,"column":3}},"line":42}},"branchMap":{"0":{"loc":{"start":{"line":25,"column":6},"end":{"line":27,"column":7}},"type":"if","locations":[{"start":{"line":25,"column":6},"end":{"line":27,"column":7}},{"start":{},"end":{}}],"line":25},"1":{"loc":{"start":{"line":30,"column":6},"end":{"line":32,"column":7}},"type":"if","locations":[{"start":{"line":30,"column":6},"end":{"line":32,"column":7}},{"start":{},"end":{}}],"line":30},"2":{"loc":{"start":{"line":47,"column":6},"end":{"line":49,"column":7}},"type":"if","locations":[{"start":{"line":47,"column":6},"end":{"line":49,"column":7}},{"start":{},"end":{}}],"line":47}},"s":{"0":4,"1":4,"2":4,"3":4,"4":1,"5":1,"6":1,"7":1,"8":0,"9":0,"10":1,"11":1,"12":1,"13":1,"14":1,"15":0,"16":1,"17":0,"18":1,"19":1,"20":0,"21":0,"22":1,"23":1,"24":1,"25":1,"26":0,"27":1,"28":0,"29":0,"30":4},"f":{"0":1,"1":1,"2":1},"b":{"0":[0,1],"1":[0,1],"2":[0,1]},"_coverageSchema":"1a1c01bbd47fc00a2c39e90264f33305004495a9","hash":"dd575162d3bd7e2cd201e7e56934fdcf7d93004c"}
,"C:\\Users\\User\\Documents\\BackEnd розробки\\inventorysystem\\src\\controllers\\category.controller.js": {"path":"C:\\Users\\User\\Documents\\BackEnd розробки\\inventorysystem\\src\\controllers\\category.controller.js","statementMap":{"0":{"start":{"line":1,"column":22},"end":{"line":1,"column":57}},"1":{"start":{"line":2,"column":17},"end":{"line":2,"column":45}},"2":{"start":{"line":3,"column":15},"end":{"line":3,"column":41}},"3":{"start":{"line":7,"column":4},"end":{"line":13,"column":5}},"4":{"start":{"line":8,"column":25},"end":{"line":8,"column":54}},"5":{"start":{"line":9,"column":6},"end":{"line":9,"column":27}},"6":{"start":{"line":11,"column":6},"end":{"line":11,"column":56}},"7":{"start":{"line":12,"column":6},"end":{"line":12,"column":60}},"8":{"start":{"line":17,"column":4},"end":{"line":26,"column":5}},"9":{"start":{"line":18,"column":23},"end":{"line":18,"column":73}},"10":{"start":{"line":19,"column":6},"end":{"line":19,"column":37}},"11":{"start":{"line":21,"column":6},"end":{"line":21,"column":54}},"12":{"start":{"line":22,"column":6},"end":{"line":24,"column":7}},"13":{"start":{"line":23,"column":8},"end":{"line":23,"column":66}},"14":{"start":{"line":25,"column":6},"end":{"line":25,"column":59}},"15":{"start":{"line":30,"column":4},"end":{"line":39,"column":5}},"16":{"start":{"line":31,"column":23},"end":{"line":31,"column":88}},"17":{"start":{"line":32,"column":6},"end":{"line":34,"column":7}},"18":{"start":{"line":33,"column":8},"end":{"line":33,"column":61}},"19":{"start":{"line":35,"column":6},"end":{"line":35,"column":25}},"20":{"start":{"line":37,"column":6},"end":{"line":37,"column":54}},"21":{"start":{"line":38,"column":6},"end":{"line":38,"column":59}},"22":{"start":{"line":43,"column":4},"end":{"line":52,"column":5}},"23":{"start":{"line":44,"column":22},"end":{"line":44,"column":63}},"24":{"start":{"line":45,"column":6},"end":{"line":47,"column":7}},"25":{"start":{"line":46,"column":8},"end":{"line":46,"column":61}},"26":{"start":{"line":48,"column":6},"end":{"line":48,"column":29}},"27":{"start":{"line":50,"column":6},"end":{"line":50,"column":54}},"28":{"start":{"line":51,"column":6},"end":{"line":51,"column":59}},"29":{"start":{"line":56,"column":0},"end":{"line":56,"column":36}}},"fnMap":{"0":{"name":"(anonymous_0)","decl":{"start":{"line":6,"column":2},"end":{"line":6,"column":3}},"loc":{"start":{"line":6,"column":38},"end":{"line":14,"column":3}},"line":6},"1":{"name":"(anonymous_1)","decl":{"start":{"line":16,"column":2},"end":{"line":16,"column":3}},"loc":{"start":{"line":16,"column":38},"end":{"line":27,"column":3}},"line":16},"2":{"name":"(anonymous_2)","decl":{"start":{"line":29,"column":2},"end":{"line":29,"column":3}},"loc":{"start":{"line":29,"column":38},"end":{"line":40,"column":3}},"line":29},"3":{"name":"(anonymous_3)","decl":{"start":{"line":42,"column":2},"end":{"line":42,"column":3}},"loc":{"start":{"line":42,"column":38},"end":{"line":53,"column":3}},"line":42}},"branchMap":{"0":{"loc":{"start":{"line":22,"column":6},"end":{"line":24,"column":7}},"type":"if","locations":[{"start":{"line":22,"column":6},"end":{"line":24,"column":7}},{"start":{},"end":{}}],"line":22},"1":{"loc":{"start":{"line":32,"column":6},"end":{"line":34,"column":7}},"type":"if","locations":[{"start":{"line":32,"column":6},"end":{"line":34,"column":7}},{"start":{},"end":{}}],"line":32},"2":{"loc":{"start":{"line":45,"column":6},"end":{"line":47,"column":7}},"type":"if","locations":[{"start":{"line":45,"column":6},"end":{"line":47,"column":7}},{"start":{},"end":{}}],"line":45}},"s":{"0":4,"1":4,"2":4,"3":1,"4":1,"5":1,"6":0,"7":0,"8":2,"9":2,"10":2,"11":0,"12":0,"13":0,"14":0,"15":1,"16":1,"17":1,"18":0,"19":1,"20":0,"21":0,"22":1,"23":1,"24":1,"25":0,"26":1,"27":0,"28":0,"29":4},"f":{"0":1,"1":2,"2":1,"3":1},"b":{"0":[0,0],"1":[0,1],"2":[0,1]},"_coverageSchema":"1a1c01bbd47fc00a2c39e90264f33305004495a9","hash":"120b64da83bf2eef61a27e30fd85348a394a0b9c"}
,"C:\\Users\\User\\Documents\\BackEnd розробки\\inventorysystem\\src\\controllers\\product.controller.js": {"path":"C:\\Users\\User\\Documents\\BackEnd розробки\\inventorysystem\\src\\controllers\\product.controller.js","statementMap":{"0":{"start":{"line":1,"column":21},"end":{"line":1,"column":55}},"1":{"start":{"line":2,"column":17},"end":{"line":2,"column":45}},"2":{"start":{"line":3,"column":15},"end":{"line":3,"column":41}},"3":{"start":{"line":7,"column":4},"end":{"line":22,"column":5}},"4":{"start":{"line":9,"column":46},"end":{"line":9,"column":55}},"5":{"start":{"line":11,"column":21},"end":{"line":16,"column":8}},"6":{"start":{"line":18,"column":6},"end":{"line":18,"column":23}},"7":{"start":{"line":20,"column":6},"end":{"line":20,"column":54}},"8":{"start":{"line":21,"column":6},"end":{"line":21,"column":58}},"9":{"start":{"line":26,"column":4},"end":{"line":37,"column":5}},"10":{"start":{"line":27,"column":22},"end":{"line":27,"column":64}},"11":{"start":{"line":29,"column":6},"end":{"line":31,"column":7}},"12":{"start":{"line":30,"column":8},"end":{"line":30,"column":60}},"13":{"start":{"line":33,"column":6},"end":{"line":33,"column":24}},"14":{"start":{"line":35,"column":6},"end":{"line":35,"column":53}},"15":{"start":{"line":36,"column":6},"end":{"line":36,"column":57}},"16":{"start":{"line":41,"column":4},"end":{"line":50,"column":5}},"17":{"start":{"line":42,"column":22},"end":{"line":42,"column":57}},"18":{"start":{"line":43,"column":6},"end":{"line":43,"column":36}},"19":{"start":{"line":45,"column":6},"end":{"line":45,"column":53}},"20":{"start":{"line":46,"column":6},"end":{"line":48,"column":7}},"21":{"start":{"line":47,"column":8},"end":{"line":47,"column":65}},"22":{"start":{"line":49,"column":6},"end":{"line":49,"column":58}},"23":{"start":{"line":54,"column":4},"end":{"line":65,"column":5}},"24":{"start":{"line":55,"column":22},"end":{"line":55,"column":72}},"25":{"start":{"line":57,"column":6},"end":{"line":59,"column":7}},"26":{"start":{"line":58,"column":8},"end":{"line":58,"column":60}},"27":{"start":{"line":61,"column":6},"end":{"line":61,"column":24}},"28":{"start":{"line":63,"column":6},"end":{"line":63,"column":53}},"29":{"start":{"line":64,"column":6},"end":{"line":64,"column":58}},"30":{"start":{"line":69,"column":4},"end":{"line":80,"column":5}},"31":{"start":{"line":70,"column":22},"end":{"line":70,"column":62}},"32":{"start":{"line":72,"column":6},"end":{"line":74,"column":7}},"33":{"start":{"line":73,"column":8},"end":{"line":73,"column":60}},"34":{"start":{"line":76,"column":6},"end":{"line":76,"column":29}},"35":{"start":{"line":78,"column":6},"end":{"line":78,"column":53}},"36":{"start":{"line":79,"column":6},"end":{"line":79,"column":58}},"37":{"start":{"line":84,"column":0},"end":{"line":84,"column":35}}},"fnMap":{"0":{"name":"(anonymous_0)","decl":{"start":{"line":6,"column":2},"end":{"line":6,"column":3}},"loc":{"start":{"line":6,"column":38},"end":{"line":23,"column":3}},"line":6},"1":{"name":"(anonymous_1)","decl":{"start":{"line":25,"column":2},"end":{"line":25,"column":3}},"loc":{"start":{"line":25,"column":39},"end":{"line":38,"column":3}},"line":25},"2":{"name":"(anonymous_2)","decl":{"start":{"line":40,"column":2},"end":{"line":40,"column":3}},"loc":{"start":{"line":40,"column":38},"end":{"line":51,"column":3}},"line":40},"3":{"name":"(anonymous_3)","decl":{"start":{"line":53,"column":2},"end":{"line":53,"column":3}},"loc":{"start":{"line":53,"column":38},"end":{"line":66,"column":3}},"line":53},"4":{"name":"(anonymous_4)","decl":{"start":{"line":68,"column":2},"end":{"line":68,"column":3}},"loc":{"start":{"line":68,"column":38},"end":{"line":81,"column":3}},"line":68}},"branchMap":{"0":{"loc":{"start":{"line":29,"column":6},"end":{"line":31,"column":7}},"type":"if","locations":[{"start":{"line":29,"column":6},"end":{"line":31,"column":7}},{"start":{},"end":{}}],"line":29},"1":{"loc":{"start":{"line":46,"column":6},"end":{"line":48,"column":7}},"type":"if","locations":[{"start":{"line":46,"column":6},"end":{"line":48,"column":7}},{"start":{},"end":{}}],"line":46},"2":{"loc":{"start":{"line":57,"column":6},"end":{"line":59,"column":7}},"type":"if","locations":[{"start":{"line":57,"column":6},"end":{"line":59,"column":7}},{"start":{},"end":{}}],"line":57},"3":{"loc":{"start":{"line":72,"column":6},"end":{"line":74,"column":7}},"type":"if","locations":[{"start":{"line":72,"column":6},"end":{"line":74,"column":7}},{"start":{},"end":{}}],"line":72}},"s":{"0":4,"1":4,"2":4,"3":2,"4":2,"5":2,"6":2,"7":0,"8":0,"9":3,"10":3,"11":3,"12":2,"13":1,"14":0,"15":0,"16":2,"17":2,"18":2,"19":0,"20":0,"21":0,"22":0,"23":1,"24":1,"25":1,"26":0,"27":1,"28":0,"29":0,"30":1,"31":1,"32":1,"33":0,"34":1,"35":0,"36":0,"37":4},"f":{"0":2,"1":3,"2":2,"3":1,"4":1},"b":{"0":[2,1],"1":[0,0],"2":[0,1],"3":[0,1]},"_coverageSchema":"1a1c01bbd47fc00a2c39e90264f33305004495a9","hash":"adb0060095ab03aed7f52c8ca3b49451206727a2"}
,"C:\\Users\\User\\Documents\\BackEnd розробки\\inventorysystem\\src\\middleware\\auth.middleware.js": {"path":"C:\\Users\\User\\Documents\\BackEnd розробки\\inventorysystem\\src\\middleware\\auth.middleware.js","statementMap":{"0":{"start":{"line":1,"column":12},"end":{"line":1,"column":35}},"1":{"start":{"line":2,"column":17},"end":{"line":2,"column":45}},"2":{"start":{"line":4,"column":26},"end":{"line":22,"column":1}},"3":{"start":{"line":5,"column":21},"end":{"line":5,"column":49}},"4":{"start":{"line":6,"column":16},"end":{"line":6,"column":54}},"5":{"start":{"line":8,"column":2},"end":{"line":10,"column":3}},"6":{"start":{"line":9,"column":4},"end":{"line":9,"column":60}},"7":{"start":{"line":12,"column":2},"end":{"line":21,"column":5}},"8":{"start":{"line":13,"column":4},"end":{"line":18,"column":5}},"9":{"start":{"line":14,"column":6},"end":{"line":16,"column":7}},"10":{"start":{"line":15,"column":8},"end":{"line":15,"column":56}},"11":{"start":{"line":17,"column":6},"end":{"line":17,"column":54}},"12":{"start":{"line":19,"column":4},"end":{"line":19,"column":20}},"13":{"start":{"line":20,"column":4},"end":{"line":20,"column":11}},"14":{"start":{"line":24,"column":21},"end":{"line":36,"column":1}},"15":{"start":{"line":25,"column":21},"end":{"line":25,"column":49}},"16":{"start":{"line":26,"column":16},"end":{"line":26,"column":54}},"17":{"start":{"line":28,"column":2},"end":{"line":34,"column":3}},"18":{"start":{"line":29,"column":4},"end":{"line":33,"column":7}},"19":{"start":{"line":30,"column":6},"end":{"line":32,"column":7}},"20":{"start":{"line":31,"column":8},"end":{"line":31,"column":24}},"21":{"start":{"line":35,"column":2},"end":{"line":35,"column":9}},"22":{"start":{"line":38,"column":0},"end":{"line":38,"column":53}}},"fnMap":{"0":{"name":"(anonymous_0)","decl":{"start":{"line":4,"column":26},"end":{"line":4,"column":27}},"loc":{"start":{"line":4,"column":46},"end":{"line":22,"column":1}},"line":4},"1":{"name":"(anonymous_1)","decl":{"start":{"line":12,"column":44},"end":{"line":12,"column":45}},"loc":{"start":{"line":12,"column":59},"end":{"line":21,"column":3}},"line":12},"2":{"name":"(anonymous_2)","decl":{"start":{"line":24,"column":21},"end":{"line":24,"column":22}},"loc":{"start":{"line":24,"column":41},"end":{"line":36,"column":1}},"line":24},"3":{"name":"(anonymous_3)","decl":{"start":{"line":29,"column":46},"end":{"line":29,"column":47}},"loc":{"start":{"line":29,"column":61},"end":{"line":33,"column":5}},"line":29}},"branchMap":{"0":{"loc":{"start":{"line":6,"column":16},"end":{"line":6,"column":54}},"type":"binary-expr","locations":[{"start":{"line":6,"column":16},"end":{"line":6,"column":26}},{"start":{"line":6,"column":30},"end":{"line":6,"column":54}}],"line":6},"1":{"loc":{"start":{"line":8,"column":2},"end":{"line":10,"column":3}},"type":"if","locations":[{"start":{"line":8,"column":2},"end":{"line":10,"column":3}},{"start":{},"end":{}}],"line":8},"2":{"loc":{"start":{"line":13,"column":4},"end":{"line":18,"column":5}},"type":"if","locations":[{"start":{"line":13,"column":4},"end":{"line":18,"column":5}},{"start":{},"end":{}}],"line":13},"3":{"loc":{"start":{"line":14,"column":6},"end":{"line":16,"column":7}},"type":"if","locations":[{"start":{"line":14,"column":6},"end":{"line":16,"column":7}},{"start":{},"end":{}}],"line":14},"4":{"loc":{"start":{"line":26,"column":16},"end":{"line":26,"column":54}},"type":"binary-expr","locations":[{"start":{"line":26,"column":16},"end":{"line":26,"column":26}},{"start":{"line":26,"column":30},"end":{"line":26,"column":54}}],"line":26},"5":{"loc":{"start":{"line":28,"column":2},"end":{"line":34,"column":3}},"type":"if","locations":[{"start":{"line":28,"column":2},"end":{"line":34,"column":3}},{"start":{},"end":{}}],"line":28},"6":{"loc":{"start":{"line":30,"column":6},"end":{"line":32,"column":7}},"type":"if","locations":[{"start":{"line":30,"column":6},"end":{"line":32,"column":7}},{"start":{},"end":{}}],"line":30}},"s":{"0":4,"1":4,"2":4,"3":17,"4":17,"5":17,"6":3,"7":14,"8":14,"9":0,"10":0,"11":0,"12":14,"13":14,"14":4,"15":0,"16":0,"17":0,"18":0,"19":0,"20":0,"21":0,"22":4},"f":{"0":17,"1":14,"2":0,"3":0},"b":{"0":[17,14],"1":[3,14],"2":[0,14],"3":[0,0],"4":[0,0],"5":[0,0],"6":[0,0]},"_coverageSchema":"1a1c01bbd47fc00a2c39e90264f33305004495a9","hash":"fb3705804e9b87963842425aa41051f052d299c9"}
,"C:\\Users\\User\\Documents\\BackEnd розробки\\inventorysystem\\src\\middleware\\validation.middleware.js": {"path":"C:\\Users\\User\\Documents\\BackEnd розробки\\inventorysystem\\src\\middleware\\validation.middleware.js","statementMap":{"0":{"start":{"line":1,"column":17},"end":{"line":1,"column":45}},"1":{"start":{"line":3,"column":17},"end":{"line":18,"column":1}},"2":{"start":{"line":3,"column":29},"end":{"line":18,"column":1}},"3":{"start":{"line":4,"column":20},"end":{"line":7,"column":4}},"4":{"start":{"line":9,"column":2},"end":{"line":15,"column":3}},"5":{"start":{"line":10,"column":19},"end":{"line":13,"column":7}},"6":{"start":{"line":10,"column":48},"end":{"line":13,"column":5}},"7":{"start":{"line":14,"column":4},"end":{"line":14,"column":64}},"8":{"start":{"line":17,"column":2},"end":{"line":17,"column":9}},"9":{"start":{"line":20,"column":22},"end":{"line":35,"column":1}},"10":{"start":{"line":20,"column":34},"end":{"line":35,"column":1}},"11":{"start":{"line":21,"column":20},"end":{"line":24,"column":4}},"12":{"start":{"line":26,"column":2},"end":{"line":32,"column":3}},"13":{"start":{"line":27,"column":19},"end":{"line":30,"column":7}},"14":{"start":{"line":27,"column":48},"end":{"line":30,"column":5}},"15":{"start":{"line":31,"column":4},"end":{"line":31,"column":70}},"16":{"start":{"line":34,"column":2},"end":{"line":34,"column":9}},"17":{"start":{"line":37,"column":23},"end":{"line":52,"column":1}},"18":{"start":{"line":37,"column":35},"end":{"line":52,"column":1}},"19":{"start":{"line":38,"column":20},"end":{"line":41,"column":4}},"20":{"start":{"line":43,"column":2},"end":{"line":49,"column":3}},"21":{"start":{"line":44,"column":19},"end":{"line":47,"column":7}},"22":{"start":{"line":44,"column":48},"end":{"line":47,"column":5}},"23":{"start":{"line":48,"column":4},"end":{"line":48,"column":71}},"24":{"start":{"line":51,"column":2},"end":{"line":51,"column":9}},"25":{"start":{"line":54,"column":0},"end":{"line":54,"column":61}}},"fnMap":{"0":{"name":"(anonymous_0)","decl":{"start":{"line":3,"column":17},"end":{"line":3,"column":18}},"loc":{"start":{"line":3,"column":29},"end":{"line":18,"column":1}},"line":3},"1":{"name":"(anonymous_1)","decl":{"start":{"line":3,"column":29},"end":{"line":3,"column":30}},"loc":{"start":{"line":3,"column":49},"end":{"line":18,"column":1}},"line":3},"2":{"name":"(anonymous_2)","decl":{"start":{"line":10,"column":37},"end":{"line":10,"column":38}},"loc":{"start":{"line":10,"column":48},"end":{"line":13,"column":5}},"line":10},"3":{"name":"(anonymous_3)","decl":{"start":{"line":20,"column":22},"end":{"line":20,"column":23}},"loc":{"start":{"line":20,"column":34},"end":{"line":35,"column":1}},"line":20},"4":{"name":"(anonymous_4)","decl":{"start":{"line":20,"column":34},"end":{"line":20,"column":35}},"loc":{"start":{"line":20,"column":54},"end":{"line":35,"column":1}},"line":20},"5":{"name":"(anonymous_5)","decl":{"start":{"line":27,"column":37},"end":{"line":27,"column":38}},"loc":{"start":{"line":27,"column":48},"end":{"line":30,"column":5}},"line":27},"6":{"name":"(anonymous_6)","decl":{"start":{"line":37,"column":23},"end":{"line":37,"column":24}},"loc":{"start":{"line":37,"column":35},"end":{"line":52,"column":1}},"line":37},"7":{"name":"(anonymous_7)","decl":{"start":{"line":37,"column":35},"end":{"line":37,"column":36}},"loc":{"start":{"line":37,"column":55},"end":{"line":52,"column":1}},"line":37},"8":{"name":"(anonymous_8)","decl":{"start":{"line":44,"column":37},"end":{"line":44,"column":38}},"loc":{"start":{"line":44,"column":48},"end":{"line":47,"column":5}},"line":44}},"branchMap":{"0":{"loc":{"start":{"line":9,"column":2},"end":{"line":15,"column":3}},"type":"if","locations":[{"start":{"line":9,"column":2},"end":{"line":15,"column":3}},{"start":{},"end":{}}],"line":9},"1":{"loc":{"start":{"line":26,"column":2},"end":{"line":32,"column":3}},"type":"if","locations":[{"start":{"line":26,"column":2},"end":{"line":32,"column":3}},{"start":{},"end":{}}],"line":26},"2":{"loc":{"start":{"line":43,"column":2},"end":{"line":49,"column":3}},"type":"if","locations":[{"start":{"line":43,"column":2},"end":{"line":49,"column":3}},{"start":{},"end":{}}],"line":43}},"s":{"0":4,"1":4,"2":24,"3":16,"4":16,"5":4,"6":6,"7":4,"8":12,"9":4,"10":4,"11":2,"12":2,"13":0,"14":0,"15":0,"16":2,"17":4,"18":12,"19":3,"20":3,"21":0,"22":0,"23":0,"24":3,"25":4},"f":{"0":24,"1":16,"2":6,"3":4,"4":2,"5":0,"6":12,"7":3,"8":0},"b":{"0":[4,12],"1":[0,2],"2":[0,3]},"_coverageSchema":"1a1c01bbd47fc00a2c39e90264f33305004495a9","hash":"c927a0999940618dabcdb9e0709592c821db4719"}
,"C:\\Users\\User\\Documents\\BackEnd розробки\\inventorysystem\\src\\models\\basket.model.js": {"path":"C:\\Users\\User\\Documents\\BackEnd розробки\\inventorysystem\\src\\models\\basket.model.js","statementMap":{"0":{"start":{"line":1,"column":17},"end":{"line":1,"column":46}},"1":{"start":{"line":5,"column":19},"end":{"line":10,"column":18}},"2":{"start":{"line":11,"column":4},"end":{"line":11,"column":16}},"3":{"start":{"line":16,"column":23},"end":{"line":19,"column":5}},"4":{"start":{"line":21,"column":4},"end":{"line":36,"column":5}},"5":{"start":{"line":23,"column":21},"end":{"line":23,"column":52}},"6":{"start":{"line":24,"column":6},"end":{"line":27,"column":8}},"7":{"start":{"line":28,"column":6},"end":{"line":28,"column":54}},"8":{"start":{"line":31,"column":23},"end":{"line":34,"column":7}},"9":{"start":{"line":35,"column":6},"end":{"line":35,"column":47}},"10":{"start":{"line":40,"column":21},"end":{"line":43,"column":5}},"11":{"start":{"line":44,"column":4},"end":{"line":44,"column":35}},"12":{"start":{"line":48,"column":4},"end":{"line":48,"column":74}},"13":{"start":{"line":52,"column":0},"end":{"line":52,"column":29}}},"fnMap":{"0":{"name":"(anonymous_0)","decl":{"start":{"line":4,"column":2},"end":{"line":4,"column":3}},"loc":{"start":{"line":4,"column":36},"end":{"line":12,"column":3}},"line":4},"1":{"name":"(anonymous_1)","decl":{"start":{"line":14,"column":2},"end":{"line":14,"column":3}},"loc":{"start":{"line":14,"column":59},"end":{"line":37,"column":3}},"line":14},"2":{"name":"(anonymous_2)","decl":{"start":{"line":39,"column":2},"end":{"line":39,"column":3}},"loc":{"start":{"line":39,"column":42},"end":{"line":45,"column":3}},"line":39},"3":{"name":"(anonymous_3)","decl":{"start":{"line":47,"column":2},"end":{"line":47,"column":3}},"loc":{"start":{"line":47,"column":41},"end":{"line":49,"column":3}},"line":47}},"branchMap":{"0":{"loc":{"start":{"line":21,"column":4},"end":{"line":36,"column":5}},"type":"if","locations":[{"start":{"line":21,"column":4},"end":{"line":36,"column":5}},{"start":{"line":29,"column":11},"end":{"line":36,"column":5}}],"line":21}},"s":{"0":4,"1":1,"2":1,"3":1,"4":1,"5":0,"6":0,"7":0,"8":1,"9":1,"10":1,"11":1,"12":0,"13":4},"f":{"0":1,"1":1,"2":1,"3":0},"b":{"0":[0,1]},"_coverageSchema":"1a1c01bbd47fc00a2c39e90264f33305004495a9","hash":"0b983930dce24359c05edb99c3a40d26114cddb0"}
,"C:\\Users\\User\\Documents\\BackEnd розробки\\inventorysystem\\src\\models\\category.model.js": {"path":"C:\\Users\\User\\Documents\\BackEnd розробки\\inventorysystem\\src\\models\\category.model.js","statementMap":{"0":{"start":{"line":1,"column":17},"end":{"line":1,"column":46}},"1":{"start":{"line":5,"column":19},"end":{"line":5,"column":86}},"2":{"start":{"line":6,"column":4},"end":{"line":6,"column":16}},"3":{"start":{"line":10,"column":19},"end":{"line":13,"column":5}},"4":{"start":{"line":14,"column":4},"end":{"line":14,"column":27}},"5":{"start":{"line":18,"column":21},"end":{"line":21,"column":5}},"6":{"start":{"line":22,"column":4},"end":{"line":22,"column":42}},"7":{"start":{"line":26,"column":19},"end":{"line":29,"column":5}},"8":{"start":{"line":30,"column":4},"end":{"line":30,"column":27}},"9":{"start":{"line":34,"column":4},"end":{"line":37,"column":6}},"10":{"start":{"line":38,"column":4},"end":{"line":38,"column":29}},"11":{"start":{"line":43,"column":4},"end":{"line":46,"column":6}},"12":{"start":{"line":47,"column":21},"end":{"line":50,"column":5}},"13":{"start":{"line":51,"column":4},"end":{"line":51,"column":35}},"14":{"start":{"line":55,"column":0},"end":{"line":55,"column":31}}},"fnMap":{"0":{"name":"(anonymous_0)","decl":{"start":{"line":4,"column":2},"end":{"line":4,"column":3}},"loc":{"start":{"line":4,"column":25},"end":{"line":7,"column":3}},"line":4},"1":{"name":"(anonymous_1)","decl":{"start":{"line":9,"column":2},"end":{"line":9,"column":3}},"loc":{"start":{"line":9,"column":32},"end":{"line":15,"column":3}},"line":9},"2":{"name":"(anonymous_2)","decl":{"start":{"line":17,"column":2},"end":{"line":17,"column":3}},"loc":{"start":{"line":17,"column":37},"end":{"line":23,"column":3}},"line":17},"3":{"name":"(anonymous_3)","decl":{"start":{"line":25,"column":2},"end":{"line":25,"column":3}},"loc":{"start":{"line":25,"column":28},"end":{"line":31,"column":3}},"line":25},"4":{"name":"(anonymous_4)","decl":{"start":{"line":33,"column":2},"end":{"line":33,"column":3}},"loc":{"start":{"line":33,"column":41},"end":{"line":39,"column":3}},"line":33},"5":{"name":"(anonymous_5)","decl":{"start":{"line":41,"column":2},"end":{"line":41,"column":3}},"loc":{"start":{"line":41,"column":26},"end":{"line":52,"column":3}},"line":41}},"branchMap":{"0":{"loc":{"start":{"line":14,"column":11},"end":{"line":14,"column":26}},"type":"binary-expr","locations":[{"start":{"line":14,"column":11},"end":{"line":14,"column":18}},{"start":{"line":14,"column":22},"end":{"line":14,"column":26}}],"line":14},"1":{"loc":{"start":{"line":30,"column":11},"end":{"line":30,"column":26}},"type":"binary-expr","locations":[{"start":{"line":30,"column":11},"end":{"line":30,"column":18}},{"start":{"line":30,"column":22},"end":{"line":30,"column":26}}],"line":30}},"s":{"0":4,"1":1,"2":1,"3":0,"4":0,"5":2,"6":2,"7":3,"8":3,"9":1,"10":1,"11":1,"12":1,"13":1,"14":4},"f":{"0":1,"1":0,"2":2,"3":3,"4":1,"5":1},"b":{"0":[0,0],"1":[3,0]},"_coverageSchema":"1a1c01bbd47fc00a2c39e90264f33305004495a9","hash":"b6875a3492a9d41e70734bcbad81e07e6be3c4ee"}
,"C:\\Users\\User\\Documents\\BackEnd розробки\\inventorysystem\\src\\models\\product.model.js": {"path":"C:\\Users\\User\\Documents\\BackEnd розробки\\inventorysystem\\src\\models\\product.model.js","statementMap":{"0":{"start":{"line":1,"column":17},"end":{"line":1,"column":46}},"1":{"start":{"line":5,"column":20},"end":{"line":5,"column":52}},"2":{"start":{"line":6,"column":21},"end":{"line":6,"column":70}},"3":{"start":{"line":7,"column":19},"end":{"line":7,"column":43}},"4":{"start":{"line":9,"column":16},"end":{"line":15,"column":5}},"5":{"start":{"line":16,"column":19},"end":{"line":16,"column":21}},"6":{"start":{"line":18,"column":4},"end":{"line":21,"column":5}},"7":{"start":{"line":19,"column":6},"end":{"line":19,"column":36}},"8":{"start":{"line":20,"column":6},"end":{"line":20,"column":38}},"9":{"start":{"line":22,"column":4},"end":{"line":25,"column":5}},"10":{"start":{"line":23,"column":6},"end":{"line":23,"column":42}},"11":{"start":{"line":24,"column":6},"end":{"line":24,"column":35}},"12":{"start":{"line":27,"column":4},"end":{"line":27,"column":60}},"13":{"start":{"line":28,"column":4},"end":{"line":28,"column":34}},"14":{"start":{"line":30,"column":19},"end":{"line":30,"column":50}},"15":{"start":{"line":32,"column":21},"end":{"line":37,"column":5}},"16":{"start":{"line":38,"column":24},"end":{"line":38,"column":26}},"17":{"start":{"line":40,"column":4},"end":{"line":43,"column":5}},"18":{"start":{"line":41,"column":6},"end":{"line":41,"column":41}},"19":{"start":{"line":42,"column":6},"end":{"line":42,"column":43}},"20":{"start":{"line":44,"column":4},"end":{"line":47,"column":5}},"21":{"start":{"line":45,"column":6},"end":{"line":45,"column":47}},"22":{"start":{"line":46,"column":6},"end":{"line":46,"column":40}},"23":{"start":{"line":49,"column":26},"end":{"line":49,"column":67}},"24":{"start":{"line":50,"column":18},"end":{"line":50,"column":44}},"25":{"start":{"line":52,"column":4},"end":{"line":60,"column":6}},"26":{"start":{"line":64,"column":22},"end":{"line":64,"column":34}},"27":{"start":{"line":65,"column":4},"end":{"line":65,"column":38}},"28":{"start":{"line":65,"column":26},"end":{"line":65,"column":38}},"29":{"start":{"line":67,"column":19},"end":{"line":73,"column":19}},"30":{"start":{"line":75,"column":4},"end":{"line":75,"column":27}},"31":{"start":{"line":79,"column":4},"end":{"line":81,"column":5}},"32":{"start":{"line":80,"column":6},"end":{"line":80,"column":49}},"33":{"start":{"line":83,"column":22},"end":{"line":86,"column":5}},"34":{"start":{"line":89,"column":4},"end":{"line":97,"column":5}},"35":{"start":{"line":90,"column":6},"end":{"line":90,"column":43}},"36":{"start":{"line":92,"column":23},"end":{"line":95,"column":7}},"37":{"start":{"line":96,"column":6},"end":{"line":96,"column":35}},"38":{"start":{"line":99,"column":21},"end":{"line":102,"column":5}},"39":{"start":{"line":104,"column":4},"end":{"line":104,"column":42}},"40":{"start":{"line":108,"column":22},"end":{"line":108,"column":34}},"41":{"start":{"line":109,"column":4},"end":{"line":109,"column":38}},"42":{"start":{"line":109,"column":26},"end":{"line":109,"column":38}},"43":{"start":{"line":111,"column":26},"end":{"line":111,"column":80}},"44":{"start":{"line":112,"column":25},"end":{"line":112,"column":27}},"45":{"start":{"line":113,"column":19},"end":{"line":113,"column":21}},"46":{"start":{"line":115,"column":4},"end":{"line":133,"column":5}},"47":{"start":{"line":116,"column":24},"end":{"line":119,"column":7}},"48":{"start":{"line":122,"column":6},"end":{"line":130,"column":7}},"49":{"start":{"line":123,"column":8},"end":{"line":123,"column":45}},"50":{"start":{"line":125,"column":25},"end":{"line":128,"column":9}},"51":{"start":{"line":129,"column":8},"end":{"line":129,"column":37}},"52":{"start":{"line":131,"column":6},"end":{"line":131,"column":43}},"53":{"start":{"line":132,"column":6},"end":{"line":132,"column":30}},"54":{"start":{"line":135,"column":4},"end":{"line":141,"column":5}},"55":{"start":{"line":136,"column":6},"end":{"line":136,"column":39}},"56":{"start":{"line":136,"column":30},"end":{"line":136,"column":39}},"57":{"start":{"line":137,"column":6},"end":{"line":140,"column":7}},"58":{"start":{"line":138,"column":8},"end":{"line":138,"column":40}},"59":{"start":{"line":139,"column":8},"end":{"line":139,"column":31}},"60":{"start":{"line":143,"column":4},"end":{"line":145,"column":5}},"61":{"start":{"line":144,"column":6},"end":{"line":144,"column":38}},"62":{"start":{"line":147,"column":4},"end":{"line":147,"column":27}},"63":{"start":{"line":148,"column":4},"end":{"line":151,"column":6}},"64":{"start":{"line":153,"column":4},"end":{"line":153,"column":36}},"65":{"start":{"line":157,"column":22},"end":{"line":157,"column":34}},"66":{"start":{"line":158,"column":4},"end":{"line":158,"column":39}},"67":{"start":{"line":158,"column":26},"end":{"line":158,"column":39}},"68":{"start":{"line":160,"column":21},"end":{"line":163,"column":5}},"69":{"start":{"line":164,"column":4},"end":{"line":164,"column":35}},"70":{"start":{"line":168,"column":22},"end":{"line":168,"column":41}},"71":{"start":{"line":169,"column":23},"end":{"line":169,"column":41}},"72":{"start":{"line":171,"column":4},"end":{"line":171,"column":60}},"73":{"start":{"line":171,"column":47},"end":{"line":171,"column":60}},"74":{"start":{"line":173,"column":19},"end":{"line":176,"column":5}},"75":{"start":{"line":178,"column":4},"end":{"line":178,"column":40}},"76":{"start":{"line":178,"column":27},"end":{"line":178,"column":40}},"77":{"start":{"line":179,"column":4},"end":{"line":179,"column":42}},"78":{"start":{"line":183,"column":0},"end":{"line":183,"column":30}}},"fnMap":{"0":{"name":"(anonymous_0)","decl":{"start":{"line":4,"column":2},"end":{"line":4,"column":3}},"loc":{"start":{"line":4,"column":61},"end":{"line":61,"column":3}},"line":4},"1":{"name":"(anonymous_1)","decl":{"start":{"line":63,"column":2},"end":{"line":63,"column":3}},"loc":{"start":{"line":63,"column":28},"end":{"line":76,"column":3}},"line":63},"2":{"name":"(anonymous_2)","decl":{"start":{"line":78,"column":2},"end":{"line":78,"column":3}},"loc":{"start":{"line":78,"column":70},"end":{"line":105,"column":3}},"line":78},"3":{"name":"(anonymous_3)","decl":{"start":{"line":107,"column":2},"end":{"line":107,"column":3}},"loc":{"start":{"line":107,"column":32},"end":{"line":154,"column":3}},"line":107},"4":{"name":"(anonymous_4)","decl":{"start":{"line":156,"column":2},"end":{"line":156,"column":3}},"loc":{"start":{"line":156,"column":26},"end":{"line":165,"column":3}},"line":156},"5":{"name":"(anonymous_5)","decl":{"start":{"line":167,"column":2},"end":{"line":167,"column":3}},"loc":{"start":{"line":167,"column":47},"end":{"line":180,"column":3}},"line":167}},"branchMap":{"0":{"loc":{"start":{"line":4,"column":23},"end":{"line":4,"column":59}},"type":"default-arg","locations":[{"start":{"line":4,"column":57},"end":{"line":4,"column":59}}],"line":4},"1":{"loc":{"start":{"line":5,"column":32},"end":{"line":5,"column":51}},"type":"binary-expr","locations":[{"start":{"line":5,"column":32},"end":{"line":5,"column":46}},{"start":{"line":5,"column":50},"end":{"line":5,"column":51}}],"line":5},"2":{"loc":{"start":{"line":6,"column":47},"end":{"line":6,"column":68}},"type":"binary-expr","locations":[{"start":{"line":6,"column":47},"end":{"line":6,"column":62}},{"start":{"line":6,"column":66},"end":{"line":6,"column":68}}],"line":6},"3":{"loc":{"start":{"line":18,"column":4},"end":{"line":21,"column":5}},"type":"if","locations":[{"start":{"line":18,"column":4},"end":{"line":21,"column":5}},{"start":{},"end":{}}],"line":18},"4":{"loc":{"start":{"line":18,"column":8},"end":{"line":18,"column":27}},"type":"binary-expr","locations":[{"start":{"line":18,"column":8},"end":{"line":18,"column":12}},{"start":{"line":18,"column":16},"end":{"line":18,"column":27}}],"line":18},"5":{"loc":{"start":{"line":22,"column":4},"end":{"line":25,"column":5}},"type":"if","locations":[{"start":{"line":22,"column":4},"end":{"line":25,"column":5}},{"start":{},"end":{}}],"line":22},"6":{"loc":{"start":{"line":22,"column":8},"end":{"line":22,"column":35}},"type":"binary-expr","locations":[{"start":{"line":22,"column":8},"end":{"line":22,"column":16}},{"start":{"line":22,"column":20},"end":{"line":22,"column":35}}],"line":22},"7":{"loc":{"start":{"line":40,"column":4},"end":{"line":43,"column":5}},"type":"if","locations":[{"start":{"line":40,"column":4},"end":{"line":43,"column":5}},{"start":{},"end":{}}],"line":40},"8":{"loc":{"start":{"line":40,"column":8},"end":{"line":40,"column":27}},"type":"binary-expr","locations":[{"start":{"line":40,"column":8},"end":{"line":40,"column":12}},{"start":{"line":40,"column":16},"end":{"line":40,"column":27}}],"line":40},"9":{"loc":{"start":{"line":44,"column":4},"end":{"line":47,"column":5}},"type":"if","locations":[{"start":{"line":44,"column":4},"end":{"line":47,"column":5}},{"start":{},"end":{}}],"line":44},"10":{"loc":{"start":{"line":44,"column":8},"end":{"line":44,"column":35}},"type":"binary-expr","locations":[{"start":{"line":44,"column":8},"end":{"line":44,"column":16}},{"start":{"line":44,"column":20},"end":{"line":44,"column":35}}],"line":44},"11":{"loc":{"start":{"line":50,"column":18},"end":{"line":50,"column":44}},"type":"binary-expr","locations":[{"start":{"line":50,"column":18},"end":{"line":50,"column":39}},{"start":{"line":50,"column":43},"end":{"line":50,"column":44}}],"line":50},"12":{"loc":{"start":{"line":65,"column":4},"end":{"line":65,"column":38}},"type":"if","locations":[{"start":{"line":65,"column":4},"end":{"line":65,"column":38}},{"start":{},"end":{}}],"line":65},"13":{"loc":{"start":{"line":75,"column":11},"end":{"line":75,"column":26}},"type":"binary-expr","locations":[{"start":{"line":75,"column":11},"end":{"line":75,"column":18}},{"start":{"line":75,"column":22},"end":{"line":75,"column":26}}],"line":75},"14":{"loc":{"start":{"line":79,"column":4},"end":{"line":81,"column":5}},"type":"if","locations":[{"start":{"line":79,"column":4},"end":{"line":81,"column":5}},{"start":{},"end":{}}],"line":79},"15":{"loc":{"start":{"line":79,"column":8},"end":{"line":79,"column":58}},"type":"binary-expr","locations":[{"start":{"line":79,"column":8},"end":{"line":79,"column":13}},{"start":{"line":79,"column":17},"end":{"line":79,"column":45}},{"start":{"line":79,"column":49},"end":{"line":79,"column":58}}],"line":79},"16":{"loc":{"start":{"line":89,"column":4},"end":{"line":97,"column":5}},"type":"if","locations":[{"start":{"line":89,"column":4},"end":{"line":97,"column":5}},{"start":{"line":91,"column":11},"end":{"line":97,"column":5}}],"line":89},"17":{"loc":{"start":{"line":101,"column":23},"end":{"line":101,"column":33}},"type":"binary-expr","locations":[{"start":{"line":101,"column":23},"end":{"line":101,"column":28}},{"start":{"line":101,"column":32},"end":{"line":101,"column":33}}],"line":101},"18":{"loc":{"start":{"line":101,"column":47},"end":{"line":101,"column":64}},"type":"binary-expr","locations":[{"start":{"line":101,"column":47},"end":{"line":101,"column":56}},{"start":{"line":101,"column":60},"end":{"line":101,"column":64}}],"line":101},"19":{"loc":{"start":{"line":109,"column":4},"end":{"line":109,"column":38}},"type":"if","locations":[{"start":{"line":109,"column":4},"end":{"line":109,"column":38}},{"start":{},"end":{}}],"line":109},"20":{"loc":{"start":{"line":115,"column":4},"end":{"line":133,"column":5}},"type":"if","locations":[{"start":{"line":115,"column":4},"end":{"line":133,"column":5}},{"start":{},"end":{}}],"line":115},"21":{"loc":{"start":{"line":122,"column":6},"end":{"line":130,"column":7}},"type":"if","locations":[{"start":{"line":122,"column":6},"end":{"line":130,"column":7}},{"start":{"line":124,"column":13},"end":{"line":130,"column":7}}],"line":122},"22":{"loc":{"start":{"line":136,"column":6},"end":{"line":136,"column":39}},"type":"if","locations":[{"start":{"line":136,"column":6},"end":{"line":136,"column":39}},{"start":{},"end":{}}],"line":136},"23":{"loc":{"start":{"line":137,"column":6},"end":{"line":140,"column":7}},"type":"if","locations":[{"start":{"line":137,"column":6},"end":{"line":140,"column":7}},{"start":{},"end":{}}],"line":137},"24":{"loc":{"start":{"line":137,"column":10},"end":{"line":137,"column":55}},"type":"binary-expr","locations":[{"start":{"line":137,"column":10},"end":{"line":137,"column":33}},{"start":{"line":137,"column":37},"end":{"line":137,"column":55}}],"line":137},"25":{"loc":{"start":{"line":143,"column":4},"end":{"line":145,"column":5}},"type":"if","locations":[{"start":{"line":143,"column":4},"end":{"line":145,"column":5}},{"start":{},"end":{}}],"line":143},"26":{"loc":{"start":{"line":158,"column":4},"end":{"line":158,"column":39}},"type":"if","locations":[{"start":{"line":158,"column":4},"end":{"line":158,"column":39}},{"start":{},"end":{}}],"line":158},"27":{"loc":{"start":{"line":171,"column":4},"end":{"line":171,"column":60}},"type":"if","locations":[{"start":{"line":171,"column":4},"end":{"line":171,"column":60}},{"start":{},"end":{}}],"line":171},"28":{"loc":{"start":{"line":171,"column":8},"end":{"line":171,"column":45}},"type":"binary-expr","locations":[{"start":{"line":171,"column":8},"end":{"line":171,"column":24}},{"start":{"line":171,"column":28},"end":{"line":171,"column":45}}],"line":171},"29":{"loc":{"start":{"line":178,"column":4},"end":{"line":178,"column":40}},"type":"if","locations":[{"start":{"line":178,"column":4},"end":{"line":178,"column":40}},{"start":{},"end":{}}],"line":178}},"s":{"0":4,"1":2,"2":2,"3":2,"4":2,"5":2,"6":2,"7":1,"8":1,"9":2,"10":0,"11":0,"12":2,"13":2,"14":2,"15":2,"16":2,"17":2,"18":1,"19":1,"20":2,"21":0,"22":0,"23":2,"24":2,"25":2,"26":7,"27":7,"28":0,"29":7,"30":7,"31":2,"32":0,"33":2,"34":2,"35":2,"36":0,"37":0,"38":2,"39":2,"40":1,"41":1,"42":0,"43":1,"44":1,"45":1,"46":1,"47":0,"48":0,"49":0,"50":0,"51":0,"52":0,"53":0,"54":1,"55":5,"56":1,"57":4,"58":2,"59":2,"60":1,"61":0,"62":1,"63":1,"64":1,"65":1,"66":1,"67":0,"68":1,"69":1,"70":0,"71":0,"72":0,"73":0,"74":0,"75":0,"76":0,"77":0,"78":4},"f":{"0":2,"1":7,"2":2,"3":1,"4":1,"5":0},"b":{"0":[0],"1":[2,2],"2":[2,2],"3":[1,1],"4":[2,1],"5":[0,2],"6":[2,0],"7":[1,1],"8":[2,1],"9":[0,2],"10":[2,0],"11":[2,0],"12":[0,7],"13":[7,2],"14":[0,2],"15":[2,2,2],"16":[2,0],"17":[2,0],"18":[2,2],"19":[0,1],"20":[0,1],"21":[0,0],"22":[1,4],"23":[2,2],"24":[4,2],"25":[0,1],"26":[0,1],"27":[0,0],"28":[0,0],"29":[0,0]},"_coverageSchema":"1a1c01bbd47fc00a2c39e90264f33305004495a9","hash":"77dac956db2168e28d04e5272c20ee22f1430b6e"}
,"C:\\Users\\User\\Documents\\BackEnd розробки\\inventorysystem\\src\\routes\\auth.routes.js": {"path":"C:\\Users\\User\\Documents\\BackEnd розробки\\inventorysystem\\src\\routes\\auth.routes.js","statementMap":{"0":{"start":{"line":1,"column":16},"end":{"line":1,"column":34}},"1":{"start":{"line":2,"column":15},"end":{"line":2,"column":31}},"2":{"start":{"line":3,"column":23},"end":{"line":3,"column":64}},"3":{"start":{"line":4,"column":21},"end":{"line":4,"column":67}},"4":{"start":{"line":5,"column":24},"end":{"line":5,"column":63}},"5":{"start":{"line":36,"column":0},"end":{"line":36,"column":67}},"6":{"start":{"line":38,"column":0},"end":{"line":38,"column":24}}},"fnMap":{},"branchMap":{},"s":{"0":4,"1":4,"2":4,"3":4,"4":4,"5":4,"6":4},"f":{},"b":{},"_coverageSchema":"1a1c01bbd47fc00a2c39e90264f33305004495a9","hash":"c8c1804cc6b52c4d95391f6d7da432b0239d83cf"}
,"C:\\Users\\User\\Documents\\BackEnd розробки\\inventorysystem\\src\\routes\\basket.routes.js": {"path":"C:\\Users\\User\\Documents\\BackEnd розробки\\inventorysystem\\src\\routes\\basket.routes.js","statementMap":{"0":{"start":{"line":1,"column":16},"end":{"line":1,"column":34}},"1":{"start":{"line":2,"column":15},"end":{"line":2,"column":31}},"2":{"start":{"line":3,"column":12},"end":{"line":3,"column":26}},"3":{"start":{"line":4,"column":25},"end":{"line":4,"column":68}},"4":{"start":{"line":5,"column":30},"end":{"line":5,"column":70}},"5":{"start":{"line":6,"column":37},"end":{"line":6,"column":83}},"6":{"start":{"line":7,"column":30},"end":{"line":7,"column":71}},"7":{"start":{"line":28,"column":0},"end":{"line":28,"column":60}},"8":{"start":{"line":48,"column":0},"end":{"line":48,"column":87}},"9":{"start":{"line":68,"column":0},"end":{"line":72,"column":2}},"10":{"start":{"line":74,"column":0},"end":{"line":74,"column":24}}},"fnMap":{},"branchMap":{},"s":{"0":4,"1":4,"2":4,"3":4,"4":4,"5":4,"6":4,"7":4,"8":4,"9":4,"10":4},"f":{},"b":{},"_coverageSchema":"1a1c01bbd47fc00a2c39e90264f33305004495a9","hash":"ab811eb99f4ab95b2d62b55e18a4d8d767c9f672"}
,"C:\\Users\\User\\Documents\\BackEnd розробки\\inventorysystem\\src\\routes\\category.routes.js": {"path":"C:\\Users\\User\\Documents\\BackEnd розробки\\inventorysystem\\src\\routes\\category.routes.js","statementMap":{"0":{"start":{"line":1,"column":16},"end":{"line":1,"column":34}},"1":{"start":{"line":2,"column":15},"end":{"line":2,"column":31}},"2":{"start":{"line":3,"column":12},"end":{"line":3,"column":26}},"3":{"start":{"line":4,"column":27},"end":{"line":4,"column":72}},"4":{"start":{"line":5,"column":30},"end":{"line":5,"column":70}},"5":{"start":{"line":6,"column":37},"end":{"line":6,"column":83}},"6":{"start":{"line":7,"column":55},"end":{"line":7,"column":98}},"7":{"start":{"line":32,"column":0},"end":{"line":32,"column":43}},"8":{"start":{"line":52,"column":0},"end":{"line":52,"column":95}},"9":{"start":{"line":78,"column":0},"end":{"line":83,"column":2}},"10":{"start":{"line":103,"column":0},"end":{"line":107,"column":2}},"11":{"start":{"line":109,"column":0},"end":{"line":109,"column":24}}},"fnMap":{},"branchMap":{},"s":{"0":4,"1":4,"2":4,"3":4,"4":4,"5":4,"6":4,"7":4,"8":4,"9":4,"10":4,"11":4},"f":{},"b":{},"_coverageSchema":"1a1c01bbd47fc00a2c39e90264f33305004495a9","hash":"8de26b7ae1ddf14f1cd36760d9875a5ce3d19e1a"}
,"C:\\Users\\User\\Documents\\BackEnd розробки\\inventorysystem\\src\\routes\\product.routes.js": {"path":"C:\\Users\\User\\Documents\\BackEnd розробки\\inventorysystem\\src\\routes\\product.routes.js","statementMap":{"0":{"start":{"line":1,"column":16},"end":{"line":1,"column":34}},"1":{"start":{"line":2,"column":15},"end":{"line":2,"column":31}},"2":{"start":{"line":3,"column":26},"end":{"line":3,"column":70}},"3":{"start":{"line":4,"column":30},"end":{"line":4,"column":70}},"4":{"start":{"line":5,"column":36},"end":{"line":5,"column":82}},"5":{"start":{"line":10,"column":4},"end":{"line":10,"column":46}},"6":{"start":{"line":57,"column":0},"end":{"line":57,"column":77}},"7":{"start":{"line":81,"column":0},"end":{"line":81,"column":46}},"8":{"start":{"line":109,"column":0},"end":{"line":109,"column":93}},"9":{"start":{"line":139,"column":0},"end":{"line":139,"column":95}},"10":{"start":{"line":163,"column":0},"end":{"line":163,"column":67}},"11":{"start":{"line":165,"column":0},"end":{"line":165,"column":24}}},"fnMap":{},"branchMap":{},"s":{"0":4,"1":4,"2":4,"3":4,"4":4,"5":4,"6":4,"7":4,"8":4,"9":4,"10":4,"11":4},"f":{},"b":{},"_coverageSchema":"1a1c01bbd47fc00a2c39e90264f33305004495a9","hash":"6e5c5f63934dfa29481c7b2a381123d75d35c0e7"}
,"C:\\Users\\User\\Documents\\BackEnd розробки\\inventorysystem\\src\\utils\\apiError.js": {"path":"C:\\Users\\User\\Documents\\BackEnd розробки\\inventorysystem\\src\\utils\\apiError.js","statementMap":{"0":{"start":{"line":3,"column":4},"end":{"line":3,"column":19}},"1":{"start":{"line":4,"column":4},"end":{"line":4,"column":33}},"2":{"start":{"line":5,"column":4},"end":{"line":5,"column":25}},"3":{"start":{"line":6,"column":4},"end":{"line":6,"column":30}},"4":{"start":{"line":8,"column":4},"end":{"line":8,"column":52}},"5":{"start":{"line":12,"column":0},"end":{"line":12,"column":26}}},"fnMap":{"0":{"name":"(anonymous_0)","decl":{"start":{"line":2,"column":2},"end":{"line":2,"column":3}},"loc":{"start":{"line":2,"column":50},"end":{"line":9,"column":3}},"line":2}},"branchMap":{"0":{"loc":{"start":{"line":2,"column":35},"end":{"line":2,"column":48}},"type":"default-arg","locations":[{"start":{"line":2,"column":44},"end":{"line":2,"column":48}}],"line":2}},"s":{"0":10,"1":10,"2":10,"3":10,"4":10,"5":4},"f":{"0":10},"b":{"0":[6]},"_coverageSchema":"1a1c01bbd47fc00a2c39e90264f33305004495a9","hash":"1422f97b291c2aaf4d929f0991f1af9dc1cebd3d"}
,"C:\\Users\\User\\Documents\\BackEnd розробки\\inventorysystem\\src\\utils\\logger.js": {"path":"C:\\Users\\User\\Documents\\BackEnd розробки\\inventorysystem\\src\\utils\\logger.js","statementMap":{"0":{"start":{"line":1,"column":16},"end":{"line":1,"column":34}},"1":{"start":{"line":2,"column":13},"end":{"line":2,"column":28}},"2":{"start":{"line":4,"column":15},"end":{"line":21,"column":2}},"3":{"start":{"line":23,"column":0},"end":{"line":30,"column":1}},"4":{"start":{"line":24,"column":2},"end":{"line":29,"column":6}},"5":{"start":{"line":32,"column":0},"end":{"line":32,"column":24}}},"fnMap":{},"branchMap":{"0":{"loc":{"start":{"line":5,"column":9},"end":{"line":5,"column":40}},"type":"binary-expr","locations":[{"start":{"line":5,"column":9},"end":{"line":5,"column":30}},{"start":{"line":5,"column":34},"end":{"line":5,"column":40}}],"line":5},"1":{"loc":{"start":{"line":23,"column":0},"end":{"line":30,"column":1}},"type":"if","locations":[{"start":{"line":23,"column":0},"end":{"line":30,"column":1}},{"start":{},"end":{}}],"line":23}},"s":{"0":4,"1":4,"2":4,"3":4,"4":4,"5":4},"f":{},"b":{"0":[4,0],"1":[4,0]},"_coverageSchema":"1a1c01bbd47fc00a2c39e90264f33305004495a9","hash":"91e3dd97ff8de4ded6c9fb53bfd9a4ba3bbb6edb"}
,"C:\\Users\\User\\Documents\\BackEnd розробки\\inventorysystem\\src\\validators\\auth.validator.js": {"path":"C:\\Users\\User\\Documents\\BackEnd розробки\\inventorysystem\\src\\validators\\auth.validator.js","statementMap":{"0":{"start":{"line":1,"column":12},"end":{"line":1,"column":26}},"1":{"start":{"line":3,"column":20},"end":{"line":13,"column":2}},"2":{"start":{"line":15,"column":0},"end":{"line":15,"column":33}}},"fnMap":{},"branchMap":{},"s":{"0":4,"1":4,"2":4},"f":{},"b":{},"_coverageSchema":"1a1c01bbd47fc00a2c39e90264f33305004495a9","hash":"529657b2cd63804ea77ab138bd70cea339bd52eb"}
,"C:\\Users\\User\\Documents\\BackEnd розробки\\inventorysystem\\src\\validators\\basket.validator.js": {"path":"C:\\Users\\User\\Documents\\BackEnd розробки\\inventorysystem\\src\\validators\\basket.validator.js","statementMap":{"0":{"start":{"line":1,"column":12},"end":{"line":1,"column":26}},"1":{"start":{"line":3,"column":26},"end":{"line":13,"column":2}},"2":{"start":{"line":15,"column":0},"end":{"line":15,"column":39}}},"fnMap":{},"branchMap":{},"s":{"0":4,"1":4,"2":4},"f":{},"b":{},"_coverageSchema":"1a1c01bbd47fc00a2c39e90264f33305004495a9","hash":"3e31d433a5c19fe1d2fc2852da593068fe218ffe"}
,"C:\\Users\\User\\Documents\\BackEnd розробки\\inventorysystem\\src\\validators\\category.validator.js": {"path":"C:\\Users\\User\\Documents\\BackEnd розробки\\inventorysystem\\src\\validators\\category.validator.js","statementMap":{"0":{"start":{"line":1,"column":12},"end":{"line":1,"column":26}},"1":{"start":{"line":3,"column":29},"end":{"line":10,"column":2}},"2":{"start":{"line":12,"column":29},"end":{"line":17,"column":2}},"3":{"start":{"line":19,"column":0},"end":{"line":19,"column":64}}},"fnMap":{},"branchMap":{},"s":{"0":4,"1":4,"2":4,"3":4},"f":{},"b":{},"_coverageSchema":"1a1c01bbd47fc00a2c39e90264f33305004495a9","hash":"723555b431d03adbda8b6e564f4ea82d51089f49"}
,"C:\\Users\\User\\Documents\\BackEnd розробки\\inventorysystem\\src\\validators\\common.validator.js": {"path":"C:\\Users\\User\\Documents\\BackEnd розробки\\inventorysystem\\src\\validators\\common.validator.js","statementMap":{"0":{"start":{"line":1,"column":12},"end":{"line":1,"column":26}},"1":{"start":{"line":4,"column":22},"end":{"line":11,"column":2}},"2":{"start":{"line":13,"column":0},"end":{"line":13,"column":35}}},"fnMap":{},"branchMap":{},"s":{"0":0,"1":0,"2":0},"f":{},"b":{}}
,"C:\\Users\\User\\Documents\\BackEnd розробки\\inventorysystem\\src\\validators\\product.validator.js": {"path":"C:\\Users\\User\\Documents\\BackEnd розробки\\inventorysystem\\src\\validators\\product.validator.js","statementMap":{"0":{"start":{"line":1,"column":12},"end":{"line":1,"column":26}},"1":{"start":{"line":3,"column":28},"end":{"line":20,"column":2}},"2":{"start":{"line":22,"column":28},"end":{"line":28,"column":9}},"3":{"start":{"line":30,"column":27},"end":{"line":35,"column":2}},"4":{"start":{"line":37,"column":0},"end":{"line":41,"column":2}}},"fnMap":{},"branchMap":{},"s":{"0":4,"1":4,"2":4,"3":4,"4":4},"f":{},"b":{},"_coverageSchema":"1a1c01bbd47fc00a2c39e90264f33305004495a9","hash":"9c5131f39a4432d5f33928365ebf441de0197e47"}
}
