TN:
SF:src\controllers\auth.controller.js
FN:6,(anonymous_0)
FNF:1
FNH:1
FNDA:5,(anonymous_0)
DA:1,4
DA:2,4
DA:3,4
DA:7,5
DA:8,5
DA:11,5
DA:12,4
DA:18,4
DA:19,4
DA:22,1
DA:24,0
DA:25,0
DA:30,4
LF:13
LH:11
BRDA:11,0,0,4
BRDA:11,0,1,1
BRDA:11,1,0,5
BRDA:11,1,1,5
BRF:4
BRH:4
end_of_record
TN:
SF:src\controllers\basket.controller.js
FN:7,(anonymous_0)
FN:18,(anonymous_1)
FN:42,(anonymous_2)
FNF:3
FNH:3
FNDA:1,(anonymous_0)
FNDA:1,(anonymous_1)
FNDA:1,(anonymous_2)
DA:1,4
DA:2,4
DA:3,4
DA:4,4
DA:8,1
DA:9,1
DA:10,1
DA:11,1
DA:13,0
DA:14,0
DA:19,1
DA:20,1
DA:21,1
DA:24,1
DA:25,1
DA:26,0
DA:30,1
DA:31,0
DA:34,1
DA:35,1
DA:37,0
DA:38,0
DA:43,1
DA:44,1
DA:45,1
DA:47,1
DA:48,0
DA:51,1
DA:53,0
DA:54,0
DA:59,4
LF:31
LH:22
BRDA:25,0,0,0
BRDA:25,0,1,1
BRDA:30,1,0,0
BRDA:30,1,1,1
BRDA:47,2,0,0
BRDA:47,2,1,1
BRF:6
BRH:3
end_of_record
TN:
SF:src\controllers\category.controller.js
FN:6,(anonymous_0)
FN:16,(anonymous_1)
FN:29,(anonymous_2)
FN:42,(anonymous_3)
FNF:4
FNH:4
FNDA:1,(anonymous_0)
FNDA:2,(anonymous_1)
FNDA:1,(anonymous_2)
FNDA:1,(anonymous_3)
DA:1,4
DA:2,4
DA:3,4
DA:7,1
DA:8,1
DA:9,1
DA:11,0
DA:12,0
DA:17,2
DA:18,2
DA:19,2
DA:21,0
DA:22,0
DA:23,0
DA:25,0
DA:30,1
DA:31,1
DA:32,1
DA:33,0
DA:35,1
DA:37,0
DA:38,0
DA:43,1
DA:44,1
DA:45,1
DA:46,0
DA:48,1
DA:50,0
DA:51,0
DA:56,4
LF:30
LH:18
BRDA:22,0,0,0
BRDA:22,0,1,0
BRDA:32,1,0,0
BRDA:32,1,1,1
BRDA:45,2,0,0
BRDA:45,2,1,1
BRF:6
BRH:2
end_of_record
TN:
SF:src\controllers\product.controller.js
FN:6,(anonymous_0)
FN:25,(anonymous_1)
FN:40,(anonymous_2)
FN:53,(anonymous_3)
FN:68,(anonymous_4)
FNF:5
FNH:5
FNDA:2,(anonymous_0)
FNDA:3,(anonymous_1)
FNDA:2,(anonymous_2)
FNDA:1,(anonymous_3)
FNDA:1,(anonymous_4)
DA:1,4
DA:2,4
DA:3,4
DA:7,2
DA:9,2
DA:11,2
DA:18,2
DA:20,0
DA:21,0
DA:26,3
DA:27,3
DA:29,3
DA:30,2
DA:33,1
DA:35,0
DA:36,0
DA:41,2
DA:42,2
DA:43,2
DA:45,0
DA:46,0
DA:47,0
DA:49,0
DA:54,1
DA:55,1
DA:57,1
DA:58,0
DA:61,1
DA:63,0
DA:64,0
DA:69,1
DA:70,1
DA:72,1
DA:73,0
DA:76,1
DA:78,0
DA:79,0
DA:84,4
LF:38
LH:24
BRDA:29,0,0,2
BRDA:29,0,1,1
BRDA:46,1,0,0
BRDA:46,1,1,0
BRDA:57,2,0,0
BRDA:57,2,1,1
BRDA:72,3,0,0
BRDA:72,3,1,1
BRF:8
BRH:4
end_of_record
TN:
SF:src\middleware\auth.middleware.js
FN:4,(anonymous_0)
FN:12,(anonymous_1)
FN:24,(anonymous_2)
FN:29,(anonymous_3)
FNF:4
FNH:2
FNDA:17,(anonymous_0)
FNDA:14,(anonymous_1)
FNDA:0,(anonymous_2)
FNDA:0,(anonymous_3)
DA:1,4
DA:2,4
DA:4,4
DA:5,17
DA:6,17
DA:8,17
DA:9,3
DA:12,14
DA:13,14
DA:14,0
DA:15,0
DA:17,0
DA:19,14
DA:20,14
DA:24,4
DA:25,0
DA:26,0
DA:28,0
DA:29,0
DA:30,0
DA:31,0
DA:35,0
DA:38,4
LF:23
LH:13
BRDA:6,0,0,17
BRDA:6,0,1,14
BRDA:8,1,0,3
BRDA:8,1,1,14
BRDA:13,2,0,0
BRDA:13,2,1,14
BRDA:14,3,0,0
BRDA:14,3,1,0
BRDA:26,4,0,0
BRDA:26,4,1,0
BRDA:28,5,0,0
BRDA:28,5,1,0
BRDA:30,6,0,0
BRDA:30,6,1,0
BRF:14
BRH:5
end_of_record
TN:
SF:src\middleware\validation.middleware.js
FN:3,(anonymous_0)
FN:3,(anonymous_1)
FN:10,(anonymous_2)
FN:20,(anonymous_3)
FN:20,(anonymous_4)
FN:27,(anonymous_5)
FN:37,(anonymous_6)
FN:37,(anonymous_7)
FN:44,(anonymous_8)
FNF:9
FNH:7
FNDA:24,(anonymous_0)
FNDA:16,(anonymous_1)
FNDA:6,(anonymous_2)
FNDA:4,(anonymous_3)
FNDA:2,(anonymous_4)
FNDA:0,(anonymous_5)
FNDA:12,(anonymous_6)
FNDA:3,(anonymous_7)
FNDA:0,(anonymous_8)
DA:1,4
DA:3,24
DA:4,16
DA:9,16
DA:10,6
DA:14,4
DA:17,12
DA:20,4
DA:21,2
DA:26,2
DA:27,0
DA:31,0
DA:34,2
DA:37,12
DA:38,3
DA:43,3
DA:44,0
DA:48,0
DA:51,3
DA:54,4
LF:20
LH:16
BRDA:9,0,0,4
BRDA:9,0,1,12
BRDA:26,1,0,0
BRDA:26,1,1,2
BRDA:43,2,0,0
BRDA:43,2,1,3
BRF:6
BRH:4
end_of_record
TN:
SF:src\models\basket.model.js
FN:4,(anonymous_0)
FN:14,(anonymous_1)
FN:39,(anonymous_2)
FN:47,(anonymous_3)
FNF:4
FNH:3
FNDA:1,(anonymous_0)
FNDA:1,(anonymous_1)
FNDA:1,(anonymous_2)
FNDA:0,(anonymous_3)
DA:1,4
DA:5,1
DA:11,1
DA:16,1
DA:21,1
DA:23,0
DA:24,0
DA:28,0
DA:31,1
DA:35,1
DA:40,1
DA:44,1
DA:48,0
DA:52,4
LF:14
LH:10
BRDA:21,0,0,0
BRDA:21,0,1,1
BRF:2
BRH:1
end_of_record
TN:
SF:src\models\category.model.js
FN:4,(anonymous_0)
FN:9,(anonymous_1)
FN:17,(anonymous_2)
FN:25,(anonymous_3)
FN:33,(anonymous_4)
FN:41,(anonymous_5)
FNF:6
FNH:5
FNDA:1,(anonymous_0)
FNDA:0,(anonymous_1)
FNDA:2,(anonymous_2)
FNDA:3,(anonymous_3)
FNDA:1,(anonymous_4)
FNDA:1,(anonymous_5)
DA:1,4
DA:5,1
DA:6,1
DA:10,0
DA:14,0
DA:18,2
DA:22,2
DA:26,3
DA:30,3
DA:34,1
DA:38,1
DA:43,1
DA:47,1
DA:51,1
DA:55,4
LF:15
LH:13
BRDA:14,0,0,0
BRDA:14,0,1,0
BRDA:30,1,0,3
BRDA:30,1,1,0
BRF:4
BRH:1
end_of_record
TN:
SF:src\models\product.model.js
FN:4,(anonymous_0)
FN:63,(anonymous_1)
FN:78,(anonymous_2)
FN:107,(anonymous_3)
FN:156,(anonymous_4)
FN:167,(anonymous_5)
FNF:6
FNH:5
FNDA:2,(anonymous_0)
FNDA:7,(anonymous_1)
FNDA:2,(anonymous_2)
FNDA:1,(anonymous_3)
FNDA:1,(anonymous_4)
FNDA:0,(anonymous_5)
DA:1,4
DA:5,2
DA:6,2
DA:7,2
DA:9,2
DA:16,2
DA:18,2
DA:19,1
DA:20,1
DA:22,2
DA:23,0
DA:24,0
DA:27,2
DA:28,2
DA:30,2
DA:32,2
DA:38,2
DA:40,2
DA:41,1
DA:42,1
DA:44,2
DA:45,0
DA:46,0
DA:49,2
DA:50,2
DA:52,2
DA:64,7
DA:65,7
DA:67,7
DA:75,7
DA:79,2
DA:80,0
DA:83,2
DA:89,2
DA:90,2
DA:92,0
DA:96,0
DA:99,2
DA:104,2
DA:108,1
DA:109,1
DA:111,1
DA:112,1
DA:113,1
DA:115,1
DA:116,0
DA:122,0
DA:123,0
DA:125,0
DA:129,0
DA:131,0
DA:132,0
DA:135,1
DA:136,5
DA:137,4
DA:138,2
DA:139,2
DA:143,1
DA:144,0
DA:147,1
DA:148,1
DA:153,1
DA:157,1
DA:158,1
DA:160,1
DA:164,1
DA:168,0
DA:169,0
DA:171,0
DA:173,0
DA:178,0
DA:179,0
DA:183,4
LF:73
LH:52
BRDA:4,0,0,0
BRDA:5,1,0,2
BRDA:5,1,1,2
BRDA:6,2,0,2
BRDA:6,2,1,2
BRDA:18,3,0,1
BRDA:18,3,1,1
BRDA:18,4,0,2
BRDA:18,4,1,1
BRDA:22,5,0,0
BRDA:22,5,1,2
BRDA:22,6,0,2
BRDA:22,6,1,0
BRDA:40,7,0,1
BRDA:40,7,1,1
BRDA:40,8,0,2
BRDA:40,8,1,1
BRDA:44,9,0,0
BRDA:44,9,1,2
BRDA:44,10,0,2
BRDA:44,10,1,0
BRDA:50,11,0,2
BRDA:50,11,1,0
BRDA:65,12,0,0
BRDA:65,12,1,7
BRDA:75,13,0,7
BRDA:75,13,1,2
BRDA:79,14,0,0
BRDA:79,14,1,2
BRDA:79,15,0,2
BRDA:79,15,1,2
BRDA:79,15,2,2
BRDA:89,16,0,2
BRDA:89,16,1,0
BRDA:101,17,0,2
BRDA:101,17,1,0
BRDA:101,18,0,2
BRDA:101,18,1,2
BRDA:109,19,0,0
BRDA:109,19,1,1
BRDA:115,20,0,0
BRDA:115,20,1,1
BRDA:122,21,0,0
BRDA:122,21,1,0
BRDA:136,22,0,1
BRDA:136,22,1,4
BRDA:137,23,0,2
BRDA:137,23,1,2
BRDA:137,24,0,4
BRDA:137,24,1,2
BRDA:143,25,0,0
BRDA:143,25,1,1
BRDA:158,26,0,0
BRDA:158,26,1,1
BRDA:171,27,0,0
BRDA:171,27,1,0
BRDA:171,28,0,0
BRDA:171,28,1,0
BRDA:178,29,0,0
BRDA:178,29,1,0
BRF:60
BRH:38
end_of_record
TN:
SF:src\routes\auth.routes.js
FNF:0
FNH:0
DA:1,4
DA:2,4
DA:3,4
DA:4,4
DA:5,4
DA:36,4
DA:38,4
LF:7
LH:7
BRF:0
BRH:0
end_of_record
TN:
SF:src\routes\basket.routes.js
FNF:0
FNH:0
DA:1,4
DA:2,4
DA:3,4
DA:4,4
DA:5,4
DA:6,4
DA:7,4
DA:28,4
DA:48,4
DA:68,4
DA:74,4
LF:11
LH:11
BRF:0
BRH:0
end_of_record
TN:
SF:src\routes\category.routes.js
FNF:0
FNH:0
DA:1,4
DA:2,4
DA:3,4
DA:4,4
DA:5,4
DA:6,4
DA:7,4
DA:32,4
DA:52,4
DA:78,4
DA:103,4
DA:109,4
LF:12
LH:12
BRF:0
BRH:0
end_of_record
TN:
SF:src\routes\product.routes.js
FNF:0
FNH:0
DA:1,4
DA:2,4
DA:3,4
DA:4,4
DA:5,4
DA:10,4
DA:57,4
DA:81,4
DA:109,4
DA:139,4
DA:163,4
DA:165,4
LF:12
LH:12
BRF:0
BRH:0
end_of_record
TN:
SF:src\utils\apiError.js
FN:2,(anonymous_0)
FNF:1
FNH:1
FNDA:10,(anonymous_0)
DA:3,10
DA:4,10
DA:5,10
DA:6,10
DA:8,10
DA:12,4
LF:6
LH:6
BRDA:2,0,0,6
BRF:1
BRH:1
end_of_record
TN:
SF:src\utils\logger.js
FNF:0
FNH:0
DA:1,4
DA:2,4
DA:4,4
DA:23,4
DA:24,4
DA:32,4
LF:6
LH:6
BRDA:5,0,0,4
BRDA:5,0,1,0
BRDA:23,1,0,4
BRDA:23,1,1,0
BRF:4
BRH:2
end_of_record
TN:
SF:src\validators\auth.validator.js
FNF:0
FNH:0
DA:1,4
DA:3,4
DA:15,4
LF:3
LH:3
BRF:0
BRH:0
end_of_record
TN:
SF:src\validators\basket.validator.js
FNF:0
FNH:0
DA:1,4
DA:3,4
DA:15,4
LF:3
LH:3
BRF:0
BRH:0
end_of_record
TN:
SF:src\validators\category.validator.js
FNF:0
FNH:0
DA:1,4
DA:3,4
DA:12,4
DA:19,4
LF:4
LH:4
BRF:0
BRH:0
end_of_record
TN:
SF:src\validators\common.validator.js
FNF:0
FNH:0
DA:1,0
DA:4,0
DA:13,0
LF:3
LH:0
BRF:0
BRH:0
end_of_record
TN:
SF:src\validators\product.validator.js
FNF:0
FNH:0
DA:1,4
DA:3,4
DA:22,4
DA:30,4
DA:37,4
LF:5
LH:5
BRF:0
BRH:0
end_of_record
